SLF4J: Class path contains multiple SLF4J bindings.
SLF4J: Found binding in [jar:file:/C:/Talend/8.0.1/studio/plugins/org.eclipse.m2e.maven.runtime.slf4j.simple_1.18.0.20210402-1458/jars/slf4j-simple-1.7.5.jar!/org/slf4j/impl/StaticLoggerBinder.class]
SLF4J: Found binding in [file:/C:/Talend/8.0.1/studio/configuration/org.eclipse.osgi/1160/0/.cp/org/slf4j/impl/StaticLoggerBinder.class]
SLF4J: See http://www.slf4j.org/codes.html#multiple_bindings for an explanation.
SLF4J: Actual binding is of type [org.slf4j.impl.SimpleLoggerFactory]
[INFO] Scanning for projects...
[WARNING] 
[WARNING] Some problems were encountered while building the effective model for org.example.tmc_demo2.service:movie_rental:jar:0.1.0
[WARNING] 'dependencies.dependency.(groupId:artifactId:type:classifier)' must be unique: org.apache.commons:commons-lang3:jar -> version 3.8.1 vs 3.10 @ line 137, column 17
[WARNING] 
[WARNING] It is highly recommended to fix these problems because they threaten the stability of your build.
[WARNING] 
[WARNING] For this reason, future Maven versions might no longer support building such malformed projects.
[WARNING] 
[INFO] 
[INFO] -------------< org.example.tmc_demo2.service:movie_rental >-------------
[INFO] Building TMC_DEMO2 movie_rental-0.1.0 (0.1,Job Designs) Microservice Jar 0.1.0
[INFO] --------------------------------[ jar ]---------------------------------
[INFO] 
[INFO] --- builder-maven-plugin:8.0.12:generate (default) @ movie_rental ---
[INFO] Skipping ci-builder
[INFO] 
[INFO] --- maven-resources-plugin:3.0.2:resources (default-resources) @ movie_rental ---
[WARNING] Using platform encoding (UTF-8 actually) to copy filtered resources, i.e. build is platform dependent!
[INFO] Copying 9 resources
[INFO] 
[INFO] --- maven-compiler-plugin:3.6.1:compile (default-compile) @ movie_rental ---
[INFO] Not compiling main sources
[INFO] 
[INFO] --- maven-resources-plugin:3.0.2:testResources (default-testResources) @ movie_rental ---
[INFO] Not copying test resources
[INFO] 
[INFO] --- maven-compiler-plugin:3.6.1:testCompile (default-testCompile) @ movie_rental ---
[INFO] Not compiling test sources
[INFO] 
[INFO] --- maven-surefire-plugin:2.22.2:test (default-test) @ movie_rental ---
[INFO] Tests are skipped.
[INFO] 
[INFO] --- maven-jar-plugin:3.0.2:jar (default-jar) @ movie_rental ---
[INFO] Building jar: C:\Talend\8.0.1\studio\workspace\.repositories\389041486\main\TMC_DEMO2\poms\jobs\process\Examples\movie_rental_0.1\target\movie_rental_0_1.jar
[INFO] 
[INFO] --- spring-boot-maven-plugin:2.7.15:repackage (default) @ movie_rental ---
[INFO] Downloading from : https://repo1.maven.org/maven2/org/springframework/boot/spring-boot-buildpack-platform/2.7.15/spring-boot-buildpack-platform-2.7.15.pom
[INFO] Downloaded from : https://repo1.maven.org/maven2/org/springframework/boot/spring-boot-buildpack-platform/2.7.15/spring-boot-buildpack-platform-2.7.15.pom (3.4 kB at 2.1 kB/s)
[INFO] Downloading from : https://repo1.maven.org/maven2/net/java/dev/jna/jna-platform/5.7.0/jna-platform-5.7.0.pom
[INFO] Downloaded from : https://repo1.maven.org/maven2/net/java/dev/jna/jna-platform/5.7.0/jna-platform-5.7.0.pom (1.8 kB at 4.9 kB/s)
[INFO] Downloading from : https://repo1.maven.org/maven2/net/java/dev/jna/jna/5.7.0/jna-5.7.0.pom
[INFO] Downloaded from : https://repo1.maven.org/maven2/net/java/dev/jna/jna/5.7.0/jna-5.7.0.pom (1.6 kB at 4.2 kB/s)
[INFO] Downloading from : https://repo1.maven.org/maven2/org/apache/httpcomponents/httpclient/4.5.14/httpclient-4.5.14.pom
[INFO] Downloaded from : https://repo1.maven.org/maven2/org/apache/httpcomponents/httpclient/4.5.14/httpclient-4.5.14.pom (6.6 kB at 17 kB/s)
[INFO] Downloading from : https://repo1.maven.org/maven2/org/apache/httpcomponents/httpcomponents-client/4.5.14/httpcomponents-client-4.5.14.pom
[INFO] Downloaded from : https://repo1.maven.org/maven2/org/apache/httpcomponents/httpcomponents-client/4.5.14/httpcomponents-client-4.5.14.pom (15 kB at 37 kB/s)
[INFO] Downloading from : https://repo1.maven.org/maven2/org/apache/httpcomponents/httpcore/4.4.16/httpcore-4.4.16.pom
[INFO] Downloaded from : https://repo1.maven.org/maven2/org/apache/httpcomponents/httpcore/4.4.16/httpcore-4.4.16.pom (5.0 kB at 13 kB/s)
[INFO] Downloading from : https://repo1.maven.org/maven2/org/apache/httpcomponents/httpcomponents-core/4.4.16/httpcomponents-core-4.4.16.pom
[INFO] Downloaded from : https://repo1.maven.org/maven2/org/apache/httpcomponents/httpcomponents-core/4.4.16/httpcomponents-core-4.4.16.pom (12 kB at 31 kB/s)
[INFO] Downloading from : https://repo1.maven.org/maven2/commons-codec/commons-codec/1.11/commons-codec-1.11.pom
[INFO] Downloaded from : https://repo1.maven.org/maven2/commons-codec/commons-codec/1.11/commons-codec-1.11.pom (14 kB at 36 kB/s)
[INFO] Downloading from : https://repo1.maven.org/maven2/org/tomlj/tomlj/1.0.0/tomlj-1.0.0.pom
[INFO] Downloaded from : https://repo1.maven.org/maven2/org/tomlj/tomlj/1.0.0/tomlj-1.0.0.pom (2.8 kB at 7.0 kB/s)
[INFO] Downloading from : https://repo1.maven.org/maven2/org/antlr/antlr4-runtime/4.7.2/antlr4-runtime-4.7.2.pom
[INFO] Downloaded from : https://repo1.maven.org/maven2/org/antlr/antlr4-runtime/4.7.2/antlr4-runtime-4.7.2.pom (3.6 kB at 9.6 kB/s)
[INFO] Downloading from : https://repo1.maven.org/maven2/org/antlr/antlr4-master/4.7.2/antlr4-master-4.7.2.pom
[INFO] Downloaded from : https://repo1.maven.org/maven2/org/antlr/antlr4-master/4.7.2/antlr4-master-4.7.2.pom (4.4 kB at 12 kB/s)
[INFO] Downloading from : https://repo1.maven.org/maven2/org/springframework/boot/spring-boot-loader-tools/2.7.15/spring-boot-loader-tools-2.7.15.pom
[INFO] Downloaded from : https://repo1.maven.org/maven2/org/springframework/boot/spring-boot-loader-tools/2.7.15/spring-boot-loader-tools-2.7.15.pom (2.2 kB at 5.9 kB/s)
[INFO] Downloading from : https://repo1.maven.org/maven2/org/apache/maven/plugins/maven-shade-plugin/3.2.4/maven-shade-plugin-3.2.4.pom
[INFO] Downloaded from : https://repo1.maven.org/maven2/org/apache/maven/plugins/maven-shade-plugin/3.2.4/maven-shade-plugin-3.2.4.pom (11 kB at 26 kB/s)
[INFO] Downloading from : https://repo1.maven.org/maven2/org/codehaus/plexus/plexus-component-annotations/1.5.4/plexus-component-annotations-1.5.4.pom
[INFO] Downloaded from : https://repo1.maven.org/maven2/org/codehaus/plexus/plexus-component-annotations/1.5.4/plexus-component-annotations-1.5.4.pom (815 B at 2.2 kB/s)
[INFO] Downloading from : https://repo1.maven.org/maven2/org/codehaus/plexus/plexus-containers/1.5.4/plexus-containers-1.5.4.pom
[INFO] Downloaded from : https://repo1.maven.org/maven2/org/codehaus/plexus/plexus-containers/1.5.4/plexus-containers-1.5.4.pom (4.2 kB at 11 kB/s)
[INFO] Downloading from : https://repo1.maven.org/maven2/org/codehaus/plexus/plexus/2.0.5/plexus-2.0.5.pom
[INFO] Downloaded from : https://repo1.maven.org/maven2/org/codehaus/plexus/plexus/2.0.5/plexus-2.0.5.pom (17 kB at 42 kB/s)
[INFO] Downloading from : https://repo1.maven.org/maven2/org/apache/maven/shared/maven-artifact-transfer/0.12.0/maven-artifact-transfer-0.12.0.pom
[INFO] Downloaded from : https://repo1.maven.org/maven2/org/apache/maven/shared/maven-artifact-transfer/0.12.0/maven-artifact-transfer-0.12.0.pom (11 kB at 28 kB/s)
[INFO] Downloading from : https://repo1.maven.org/maven2/org/apache/maven/shared/maven-shared-utils/3.1.0/maven-shared-utils-3.1.0.pom
[INFO] Downloaded from : https://repo1.maven.org/maven2/org/apache/maven/shared/maven-shared-utils/3.1.0/maven-shared-utils-3.1.0.pom (5.0 kB at 13 kB/s)
[INFO] Downloading from : https://repo1.maven.org/maven2/org/codehaus/plexus/plexus-utils/3.1.1/plexus-utils-3.1.1.pom
[INFO] Downloaded from : https://repo1.maven.org/maven2/org/codehaus/plexus/plexus-utils/3.1.1/plexus-utils-3.1.1.pom (5.1 kB at 13 kB/s)
[INFO] Downloading from : https://repo1.maven.org/maven2/org/ow2/asm/asm/8.0/asm-8.0.pom
[INFO] Downloaded from : https://repo1.maven.org/maven2/org/ow2/asm/asm/8.0/asm-8.0.pom (2.9 kB at 7.8 kB/s)
[INFO] Downloading from : https://repo1.maven.org/maven2/org/ow2/asm/asm-commons/8.0/asm-commons-8.0.pom
[INFO] Downloaded from : https://repo1.maven.org/maven2/org/ow2/asm/asm-commons/8.0/asm-commons-8.0.pom (3.7 kB at 9.7 kB/s)
[INFO] Downloading from : https://repo1.maven.org/maven2/org/ow2/asm/asm-tree/8.0/asm-tree-8.0.pom
[INFO] Downloaded from : https://repo1.maven.org/maven2/org/ow2/asm/asm-tree/8.0/asm-tree-8.0.pom (3.1 kB at 8.4 kB/s)
[INFO] Downloading from : https://repo1.maven.org/maven2/org/ow2/asm/asm-analysis/8.0/asm-analysis-8.0.pom
[INFO] Downloaded from : https://repo1.maven.org/maven2/org/ow2/asm/asm-analysis/8.0/asm-analysis-8.0.pom (3.2 kB at 8.6 kB/s)
[INFO] Downloading from : https://repo1.maven.org/maven2/org/jdom/jdom2/2.0.6/jdom2-2.0.6.pom
[INFO] Downloaded from : https://repo1.maven.org/maven2/org/jdom/jdom2/2.0.6/jdom2-2.0.6.pom (4.6 kB at 12 kB/s)
[INFO] Downloading from : https://repo1.maven.org/maven2/org/vafer/jdependency/2.4.0/jdependency-2.4.0.pom
[INFO] Downloaded from : https://repo1.maven.org/maven2/org/vafer/jdependency/2.4.0/jdependency-2.4.0.pom (15 kB at 37 kB/s)
[INFO] Downloading from : https://repo1.maven.org/maven2/org/ow2/asm/asm-util/8.0/asm-util-8.0.pom
[INFO] Downloaded from : https://repo1.maven.org/maven2/org/ow2/asm/asm-util/8.0/asm-util-8.0.pom (3.7 kB at 9.7 kB/s)
[INFO] Downloading from : https://repo1.maven.org/maven2/com/google/guava/guava/28.2-android/guava-28.2-android.pom
[INFO] Downloaded from : https://repo1.maven.org/maven2/com/google/guava/guava/28.2-android/guava-28.2-android.pom (11 kB at 28 kB/s)
[INFO] Downloading from : https://repo1.maven.org/maven2/com/google/guava/guava-parent/28.2-android/guava-parent-28.2-android.pom
[INFO] Downloaded from : https://repo1.maven.org/maven2/com/google/guava/guava-parent/28.2-android/guava-parent-28.2-android.pom (13 kB at 33 kB/s)
[INFO] Downloading from : https://repo1.maven.org/maven2/org/checkerframework/checker-compat-qual/2.5.5/checker-compat-qual-2.5.5.pom
[INFO] Downloaded from : https://repo1.maven.org/maven2/org/checkerframework/checker-compat-qual/2.5.5/checker-compat-qual-2.5.5.pom (2.7 kB at 7.4 kB/s)
[INFO] Downloading from : https://repo1.maven.org/maven2/com/google/errorprone/error_prone_annotations/2.3.4/error_prone_annotations-2.3.4.pom
[INFO] Downloaded from : https://repo1.maven.org/maven2/com/google/errorprone/error_prone_annotations/2.3.4/error_prone_annotations-2.3.4.pom (2.1 kB at 5.7 kB/s)
[INFO] Downloading from : https://repo1.maven.org/maven2/com/google/errorprone/error_prone_parent/2.3.4/error_prone_parent-2.3.4.pom
[INFO] Downloaded from : https://repo1.maven.org/maven2/com/google/errorprone/error_prone_parent/2.3.4/error_prone_parent-2.3.4.pom (5.4 kB at 14 kB/s)
[INFO] Downloading from : https://repo1.maven.org/maven2/com/google/j2objc/j2objc-annotations/1.3/j2objc-annotations-1.3.pom
[INFO] Downloaded from : https://repo1.maven.org/maven2/com/google/j2objc/j2objc-annotations/1.3/j2objc-annotations-1.3.pom (2.8 kB at 7.5 kB/s)
[INFO] Downloading from : https://repo1.maven.org/maven2/org/apache/commons/commons-lang3/3.7/commons-lang3-3.7.pom
[INFO] Downloaded from : https://repo1.maven.org/maven2/org/apache/commons/commons-lang3/3.7/commons-lang3-3.7.pom (28 kB at 66 kB/s)
[INFO] Downloading from : https://repo1.maven.org/maven2/org/springframework/boot/spring-boot-buildpack-platform/2.7.15/spring-boot-buildpack-platform-2.7.15.jar
[INFO] Downloading from : https://repo1.maven.org/maven2/com/fasterxml/jackson/core/jackson-databind/2.13.5/jackson-databind-2.13.5.jar
[INFO] Downloading from : https://repo1.maven.org/maven2/com/fasterxml/jackson/core/jackson-annotations/2.13.5/jackson-annotations-2.13.5.jar
[INFO] Downloading from : https://repo1.maven.org/maven2/com/fasterxml/jackson/core/jackson-core/2.13.5/jackson-core-2.13.5.jar
[INFO] Downloading from : https://repo1.maven.org/maven2/net/java/dev/jna/jna-platform/5.7.0/jna-platform-5.7.0.jar
[INFO] Downloaded from : https://repo1.maven.org/maven2/com/fasterxml/jackson/core/jackson-annotations/2.13.5/jackson-annotations-2.13.5.jar (76 kB at 80 kB/s)
[INFO] Downloading from : https://repo1.maven.org/maven2/net/java/dev/jna/jna/5.7.0/jna-5.7.0.jar
[INFO] Downloaded from : https://repo1.maven.org/maven2/org/springframework/boot/spring-boot-buildpack-platform/2.7.15/spring-boot-buildpack-platform-2.7.15.jar (259 kB at 214 kB/s)
[INFO] Downloading from : https://repo1.maven.org/maven2/org/apache/httpcomponents/httpclient/4.5.14/httpclient-4.5.14.jar
[INFO] Downloaded from : https://repo1.maven.org/maven2/com/fasterxml/jackson/core/jackson-core/2.13.5/jackson-core-2.13.5.jar (375 kB at 311 kB/s)
[INFO] Downloading from : https://repo1.maven.org/maven2/org/apache/httpcomponents/httpcore/4.4.16/httpcore-4.4.16.jar
[INFO] Downloaded from : https://repo1.maven.org/maven2/net/java/dev/jna/jna-platform/5.7.0/jna-platform-5.7.0.jar (1.3 MB at 964 kB/s)
[INFO] Downloading from : https://repo1.maven.org/maven2/commons-codec/commons-codec/1.11/commons-codec-1.11.jar
[INFO] Downloaded from : https://repo1.maven.org/maven2/com/fasterxml/jackson/core/jackson-databind/2.13.5/jackson-databind-2.13.5.jar (1.5 MB at 1.1 MB/s)
[INFO] Downloading from : https://repo1.maven.org/maven2/org/tomlj/tomlj/1.0.0/tomlj-1.0.0.jar
[INFO] Downloaded from : https://repo1.maven.org/maven2/net/java/dev/jna/jna/5.7.0/jna-5.7.0.jar (1.7 MB at 2.6 MB/s)
[INFO] Downloading from : https://repo1.maven.org/maven2/org/antlr/antlr4-runtime/4.7.2/antlr4-runtime-4.7.2.jar
[INFO] Downloaded from : https://repo1.maven.org/maven2/org/apache/httpcomponents/httpclient/4.5.14/httpclient-4.5.14.jar (786 kB at 1.5 MB/s)
[INFO] Downloading from : https://repo1.maven.org/maven2/org/springframework/boot/spring-boot-loader-tools/2.7.15/spring-boot-loader-tools-2.7.15.jar
[INFO] Downloaded from : https://repo1.maven.org/maven2/org/apache/httpcomponents/httpcore/4.4.16/httpcore-4.4.16.jar (328 kB at 616 kB/s)
[INFO] Downloading from : https://repo1.maven.org/maven2/org/codehaus/plexus/plexus-utils/1.5.8/plexus-utils-1.5.8.jar
[INFO] Downloaded from : https://repo1.maven.org/maven2/commons-codec/commons-codec/1.11/commons-codec-1.11.jar (335 kB at 652 kB/s)
[INFO] Downloading from : https://repo1.maven.org/maven2/org/apache/maven/plugins/maven-shade-plugin/3.2.4/maven-shade-plugin-3.2.4.jar
[INFO] Downloaded from : https://repo1.maven.org/maven2/org/tomlj/tomlj/1.0.0/tomlj-1.0.0.jar (157 kB at 241 kB/s)
[INFO] Downloading from : https://repo1.maven.org/maven2/org/apache/maven/maven-core/3.0/maven-core-3.0.jar
[INFO] Downloaded from : https://repo1.maven.org/maven2/org/antlr/antlr4-runtime/4.7.2/antlr4-runtime-4.7.2.jar (338 kB at 519 kB/s)
[INFO] Downloading from : https://repo1.maven.org/maven2/org/apache/maven/maven-settings/3.0/maven-settings-3.0.jar
[INFO] Downloaded from : https://repo1.maven.org/maven2/org/codehaus/plexus/plexus-utils/1.5.8/plexus-utils-1.5.8.jar (268 kB at 406 kB/s)
[INFO] Downloading from : https://repo1.maven.org/maven2/org/sonatype/plexus/plexus-cipher/1.4/plexus-cipher-1.4.jar
[INFO] Downloaded from : https://repo1.maven.org/maven2/org/springframework/boot/spring-boot-loader-tools/2.7.15/spring-boot-loader-tools-2.7.15.jar (250 kB at 372 kB/s)
[INFO] Downloading from : https://repo1.maven.org/maven2/org/apache/maven/shared/maven-artifact-transfer/0.12.0/maven-artifact-transfer-0.12.0.jar
[INFO] Downloaded from : https://repo1.maven.org/maven2/org/apache/maven/plugins/maven-shade-plugin/3.2.4/maven-shade-plugin-3.2.4.jar (134 kB at 205 kB/s)
[INFO] Downloading from : https://repo1.maven.org/maven2/org/apache/maven/shared/maven-shared-utils/3.1.0/maven-shared-utils-3.1.0.jar
[INFO] Downloaded from : https://repo1.maven.org/maven2/org/apache/maven/maven-core/3.0/maven-core-3.0.jar (527 kB at 795 kB/s)
[INFO] Downloading from : https://repo1.maven.org/maven2/org/ow2/asm/asm/8.0/asm-8.0.jar
[INFO] Downloaded from : https://repo1.maven.org/maven2/org/apache/maven/maven-settings/3.0/maven-settings-3.0.jar (47 kB at 56 kB/s)
[INFO] Downloading from : https://repo1.maven.org/maven2/org/ow2/asm/asm-commons/8.0/asm-commons-8.0.jar
[INFO] Downloaded from : https://repo1.maven.org/maven2/org/sonatype/plexus/plexus-cipher/1.4/plexus-cipher-1.4.jar (13 kB at 20 kB/s)
[INFO] Downloaded from : https://repo1.maven.org/maven2/org/apache/maven/shared/maven-artifact-transfer/0.12.0/maven-artifact-transfer-0.12.0.jar (120 kB at 184 kB/s)
[INFO] Downloading from : https://repo1.maven.org/maven2/org/ow2/asm/asm-tree/8.0/asm-tree-8.0.jar
[INFO] Downloading from : https://repo1.maven.org/maven2/org/ow2/asm/asm-analysis/8.0/asm-analysis-8.0.jar
[INFO] Downloaded from : https://repo1.maven.org/maven2/org/apache/maven/shared/maven-shared-utils/3.1.0/maven-shared-utils-3.1.0.jar (164 kB at 246 kB/s)
[INFO] Downloading from : https://repo1.maven.org/maven2/org/jdom/jdom2/2.0.6/jdom2-2.0.6.jar
[INFO] Downloaded from : https://repo1.maven.org/maven2/org/ow2/asm/asm/8.0/asm-8.0.jar (122 kB at 183 kB/s)
[INFO] Downloading from : https://repo1.maven.org/maven2/commons-io/commons-io/2.6/commons-io-2.6.jar
[INFO] Downloaded from : https://repo1.maven.org/maven2/org/ow2/asm/asm-commons/8.0/asm-commons-8.0.jar (72 kB at 109 kB/s)
[INFO] Downloading from : https://repo1.maven.org/maven2/org/vafer/jdependency/2.4.0/jdependency-2.4.0.jar
[INFO] Downloaded from : https://repo1.maven.org/maven2/org/ow2/asm/asm-tree/8.0/asm-tree-8.0.jar (53 kB at 80 kB/s)
[INFO] Downloading from : https://repo1.maven.org/maven2/org/ow2/asm/asm-util/8.0/asm-util-8.0.jar
[INFO] Downloaded from : https://repo1.maven.org/maven2/org/ow2/asm/asm-analysis/8.0/asm-analysis-8.0.jar (33 kB at 41 kB/s)
[INFO] Downloaded from : https://repo1.maven.org/maven2/org/jdom/jdom2/2.0.6/jdom2-2.0.6.jar (305 kB at 465 kB/s)
[INFO] Downloading from : https://repo1.maven.org/maven2/com/google/guava/guava/28.2-android/guava-28.2-android.jar
[INFO] Downloading from : https://repo1.maven.org/maven2/org/checkerframework/checker-compat-qual/2.5.5/checker-compat-qual-2.5.5.jar
[INFO] Downloaded from : https://repo1.maven.org/maven2/commons-io/commons-io/2.6/commons-io-2.6.jar (215 kB at 326 kB/s)
[INFO] Downloading from : https://repo1.maven.org/maven2/org/apache/commons/commons-lang3/3.7/commons-lang3-3.7.jar
[INFO] Downloaded from : https://repo1.maven.org/maven2/org/ow2/asm/asm-util/8.0/asm-util-8.0.jar (85 kB at 129 kB/s)
[INFO] Downloaded from : https://repo1.maven.org/maven2/org/vafer/jdependency/2.4.0/jdependency-2.4.0.jar (180 kB at 273 kB/s)
[INFO] Downloaded from : https://repo1.maven.org/maven2/com/google/guava/guava/28.2-android/guava-28.2-android.jar (2.6 MB at 4.0 MB/s)
[INFO] Downloaded from : https://repo1.maven.org/maven2/org/checkerframework/checker-compat-qual/2.5.5/checker-compat-qual-2.5.5.jar (5.9 kB at 8.9 kB/s)
[INFO] Downloaded from : https://repo1.maven.org/maven2/org/apache/commons/commons-lang3/3.7/commons-lang3-3.7.jar (500 kB at 770 kB/s)
[INFO] Replacing main artifact with repackaged archive
[INFO] 
[INFO] --- maven-assembly-plugin:3.6.0:single (default) @ movie_rental ---
[INFO] Downloading from : https://repo1.maven.org/maven2/org/codehaus/plexus/plexus-io/3.4.0/plexus-io-3.4.0.pom
[INFO] Downloaded from : https://repo1.maven.org/maven2/org/codehaus/plexus/plexus-io/3.4.0/plexus-io-3.4.0.pom (6.0 kB at 16 kB/s)
[INFO] Downloading from : https://repo1.maven.org/maven2/org/codehaus/plexus/plexus-archiver/4.4.0/plexus-archiver-4.4.0.pom
[INFO] Downloaded from : https://repo1.maven.org/maven2/org/codehaus/plexus/plexus-archiver/4.4.0/plexus-archiver-4.4.0.pom (6.3 kB at 17 kB/s)
[INFO] Reading assembly descriptor: C:\Talend\8.0.1\studio\workspace\.repositories\389041486\main\TMC_DEMO2\poms\jobs\process\Examples\movie_rental_0.1/src/main/assemblies/assembly.xml
[INFO] Building zip: C:\Talend\8.0.1\studio\workspace\.repositories\389041486\main\TMC_DEMO2\poms\jobs\process\Examples\movie_rental_0.1\target\movie_rental_0_1.zip
[INFO] ------------------------------------------------------------------------
[INFO] BUILD SUCCESS
[INFO] ------------------------------------------------------------------------
[INFO] Total time:  29.618 s
[INFO] Finished at: 2024-11-29T09:36:57Z
[INFO] ------------------------------------------------------------------------
