SLF4J: Class path contains multiple SLF4J bindings.
SLF4J: Found binding in [jar:file:/C:/Talend/8.0.1/studio/plugins/org.eclipse.m2e.maven.runtime.slf4j.simple_1.18.0.20210402-1458/jars/slf4j-simple-1.7.5.jar!/org/slf4j/impl/StaticLoggerBinder.class]
SLF4J: Found binding in [file:/C:/Talend/8.0.1/studio/configuration/org.eclipse.osgi/1160/0/.cp/org/slf4j/impl/StaticLoggerBinder.class]
SLF4J: See http://www.slf4j.org/codes.html#multiple_bindings for an explanation.
SLF4J: Actual binding is of type [org.slf4j.impl.SimpleLoggerFactory]
[INFO] Disabling enhanced local repository: using legacy is strongly discouraged to ensure build reproducibility.
[INFO] Scanning for projects...
[INFO] 
[INFO] ----< org.example.tmc_demo2.job:RemoteEngines_Video_Viewers_Watch >-----
[INFO] Building TMC_DEMO2 RemoteEngines_Video_Viewers_Watch-0.1.0 (0.1,Job Designs) 0.1.0
[INFO] --------------------------------[ jar ]---------------------------------
[WARNING] The POM for org.apache.commons:commons-lang3:jar:3.10 is missing, no dependency information available
[WARNING] The POM for org.talend.components:talendcsv:jar:1.1.0 is missing, no dependency information available
[WARNING] The POM for org.slf4j:slf4j-api:jar:1.7.25 is missing, no dependency information available
[WARNING] The POM for org.slf4j:slf4j-api:jar:1.7.26 is missing, no dependency information available
[INFO] 
[INFO] --- builder-maven-plugin:8.0.12:generate (default) @ RemoteEngines_Video_Viewers_Watch ---
[WARNING] The POM for org.codehaus.plexus:plexus-utils:jar:1.5.5 is missing, no dependency information available
[INFO] Skipping ci-builder
[INFO] 
[INFO] --- maven-resources-plugin:3.0.2:resources (default-resources) @ RemoteEngines_Video_Viewers_Watch ---
[WARNING] The POM for commons-io:commons-io:jar:2.6 is missing, no dependency information available
[WARNING] The POM for org.codehaus.plexus:plexus-utils:jar:3.4.1 is missing, no dependency information available
[WARNING] The POM for org.slf4j:slf4j-api:jar:1.7.30 is missing, no dependency information available
[WARNING] The POM for com.google.guava:guava:jar:25.1-android is missing, no dependency information available
[WARNING] The POM for org.codehaus.plexus:plexus-utils:jar:2.0.4 is missing, no dependency information available
[WARNING] The POM for org.codehaus.plexus:plexus-utils:jar:2.0.5 is missing, no dependency information available
[WARNING] The POM for org.apache.maven:maven-core:jar:3.0 is missing, no dependency information available
[WARNING] The POM for org.apache.maven.shared:maven-shared-utils:jar:3.0.0 is missing, no dependency information available
[WARNING] The POM for org.codehaus.plexus:plexus-utils:jar:1.5.8 is missing, no dependency information available
[WARNING] Using platform encoding (UTF-8 actually) to copy filtered resources, i.e. build is platform dependent!
[INFO] Copying 1 resource
[INFO] 
[INFO] --- maven-compiler-plugin:3.6.1:compile (default-compile) @ RemoteEngines_Video_Viewers_Watch ---
[WARNING] The POM for org.codehaus.plexus:plexus-utils:jar:3.3.0 is missing, no dependency information available
[WARNING] The POM for org.codehaus.plexus:plexus-archiver:jar:4.2.1 is missing, no dependency information available
[WARNING] The POM for org.eclipse.platform:org.eclipse.osgi:jar:3.15.100 is missing, no dependency information available
[WARNING] The POM for org.apache.maven:maven-settings:jar:3.0 is missing, no dependency information available
[WARNING] The POM for org.codehaus.plexus:plexus-utils:jar:1.4.2 is missing, no dependency information available
[WARNING] The POM for org.codehaus.plexus:plexus-utils:jar:3.5.0 is missing, no dependency information available
[WARNING] The POM for commons-io:commons-io:jar:2.13.0 is missing, no dependency information available
[WARNING] The POM for org.apache.maven:maven-settings:jar:2.2.1 is missing, no dependency information available
[WARNING] The POM for org.codehaus.plexus:plexus-utils:jar:1.5.15 is missing, no dependency information available
[WARNING] The POM for org.sonatype.plexus:plexus-cipher:jar:1.4 is missing, no dependency information available
[WARNING] The POM for org.apache.maven.shared:maven-shared-utils:jar:0.1 is missing, no dependency information available
[INFO] Not compiling main sources
[INFO] 
[INFO] --- maven-resources-plugin:3.0.2:testResources (default-testResources) @ RemoteEngines_Video_Viewers_Watch ---
[INFO] Not copying test resources
[INFO] 
[INFO] --- maven-compiler-plugin:3.6.1:testCompile (default-testCompile) @ RemoteEngines_Video_Viewers_Watch ---
[INFO] Not compiling test sources
[INFO] 
[INFO] --- maven-surefire-plugin:2.22.2:test (default-test) @ RemoteEngines_Video_Viewers_Watch ---
[WARNING] The POM for junit:junit:jar:4.12 is missing, no dependency information available
[WARNING] The POM for org.codehaus.plexus:plexus-utils:jar:1.0.4 is missing, no dependency information available
[INFO] Tests are skipped.
[INFO] 
[INFO] --- maven-jar-plugin:3.0.2:jar (default-jar) @ RemoteEngines_Video_Viewers_Watch ---
[WARNING] The POM for org.apache.maven.shared:maven-shared-utils:jar:3.0.1 is missing, no dependency information available
[WARNING] The POM for commons-io:commons-io:jar:2.5 is missing, no dependency information available
[WARNING] The POM for org.apache.commons:commons-compress:jar:1.11 is missing, no dependency information available
[INFO] Building jar: C:\Talend\8.0.1\studio\workspace\.repositories\389041486\main\TMC_DEMO2\poms\jobs\process\Examples\remoteengines_video_viewers_watch_0.1\target\remoteengines_video_viewers_watch_0_1.jar
[INFO] 
[INFO] --- maven-assembly-plugin:3.6.0:single (default) @ RemoteEngines_Video_Viewers_Watch ---
[WARNING] The POM for org.codehaus.plexus:plexus-io:jar:3.4.0 is missing, no dependency information available
[WARNING] The POM for org.codehaus.plexus:plexus-archiver:jar:4.4.0 is missing, no dependency information available
[INFO] Reading assembly descriptor: C:\Talend\8.0.1\studio\workspace\.repositories\389041486\main\TMC_DEMO2\poms\jobs\process\Examples\remoteengines_video_viewers_watch_0.1/src/main/assemblies/assembly.xml
[INFO] Building zip: C:\Talend\8.0.1\studio\workspace\.repositories\389041486\main\TMC_DEMO2\poms\jobs\process\Examples\remoteengines_video_viewers_watch_0.1\target\remoteengines_video_viewers_watch_0_1.zip
[INFO] 
[INFO] --- signer-maven-plugin:8.0.6:sign (sign) @ RemoteEngines_Video_Viewers_Watch ---
[INFO] Start to sign the job artifact
[INFO] Start to sign artifact, the source file is remoteengines_video_viewers_watch_0_1.zip and target file is remoteengines_video_viewers_watch_0_1_sign_.zip
[INFO] ------------------------------------------------------------------------
[INFO] BUILD SUCCESS
[INFO] ------------------------------------------------------------------------
[INFO] Total time:  4.384 s
[INFO] Finished at: 2024-11-29T09:18:16Z
[INFO] ------------------------------------------------------------------------
